HDF5 "kenopow.h5" {
GROUP "/" {
   DATASET "assembly_powers" {
      DATATYPE  H5T_IEEE_F64LE
      DATASPACE  SIMPLE { ( 16, 1 ) / ( 16, 1 ) }
      DATA {
      (0,0): -nan,
      (1,0): -nan,
      (2,0): -nan,
      (3,0): -nan,
      (4,0): -nan,
      (5,0): -nan,
      (6,0): -nan,
      (7,0): -nan,
      (8,0): -nan,
      (9,0): -nan,
      (10,0): -nan,
      (11,0): -nan,
      (12,0): -nan,
      (13,0): -nan,
      (14,0): -nan,
      (15,0): -nan
      }
   }
   DATASET "assembly_powers_sigma" {
      DATATYPE  H5T_IEEE_F64LE
      DATASPACE  SIMPLE { ( 16, 1 ) / ( 16, 1 ) }
      DATA {
      (0,0): -nan,
      (1,0): -nan,
      (2,0): -nan,
      (3,0): -nan,
      (4,0): -nan,
      (5,0): -nan,
      (6,0): -nan,
      (7,0): -nan,
      (8,0): -nan,
      (9,0): -nan,
      (10,0): -nan,
      (11,0): -nan,
      (12,0): -nan,
      (13,0): -nan,
      (14,0): -nan,
      (15,0): -nan
      }
   }
   DATASET "assembly_radial_powers" {
      DATATYPE  H5T_IEEE_F64LE
      DATASPACE  SIMPLE { ( 1 ) / ( 1 ) }
      DATA {
      (0): -nan
      }
   }
   DATASET "assembly_radial_powers_sigma" {
      DATATYPE  H5T_IEEE_F64LE
      DATASPACE  SIMPLE { ( 1 ) / ( 1 ) }
      DATA {
      (0): -nan
      }
   }
   DATASET "axial_mesh" {
      DATATYPE  H5T_IEEE_F64LE
      DATASPACE  SIMPLE { ( 17 ) / ( 17 ) }
      DATA {
      (0): 0, 1.03273e-314, 2.06546e-314, 3.09819e-314, 4.13092e-314,
      (5): 5.16364e-314, 6.19637e-314, 7.2291e-314, 8.26183e-314,
      (9): 9.29456e-314, 1.03273e-313, 1.136e-313, 1.23927e-313,
      (13): 1.34255e-313, 1.44582e-313, 1.54909e-313, 1.65237e-313
      }
   }
   DATASET "axial_powers" {
      DATATYPE  H5T_IEEE_F64LE
      DATASPACE  SIMPLE { ( 16 ) / ( 16 ) }
      DATA {
      (0): -nan, -nan, -nan, -nan, -nan, -nan, -nan, -nan, -nan, -nan, -nan,
      (11): -nan, -nan, -nan, -nan, -nan
      }
   }
   DATASET "axial_powers_sigma" {
      DATATYPE  H5T_IEEE_F64LE
      DATASPACE  SIMPLE { ( 16 ) / ( 16 ) }
      DATA {
      (0): -nan, -nan, -nan, -nan, -nan, -nan, -nan, -nan, -nan, -nan, -nan,
      (11): -nan, -nan, -nan, -nan, -nan
      }
   }
   DATASET "core_map" {
      DATATYPE  H5T_STD_I32LE
      DATASPACE  SIMPLE { ( 1, 1 ) / ( 1, 1 ) }
      DATA {
      (0,0): 1
      }
   }
   DATASET "core_sym" {
      DATATYPE  H5T_STD_I32LE
      DATASPACE  SCALAR
      DATA {
      (0): 1
      }
   }
   DATASET "keff" {
      DATATYPE  H5T_IEEE_F64LE
      DATASPACE  SCALAR
      DATA {
      (0): 0.999658
      }
   }
   DATASET "keff_sigma" {
      DATATYPE  H5T_IEEE_F64LE
      DATASPACE  SCALAR
      DATA {
      (0): 6.5e-06
      }
   }
   DATASET "nodal_powers" {
      DATATYPE  H5T_IEEE_F64LE
      DATASPACE  SIMPLE { ( 4, 16, 1 ) / ( 4, 16, 1 ) }
      DATA {
      (0,0,0): -nan,
      (0,1,0): -nan,
      (0,2,0): -nan,
      (0,3,0): -nan,
      (0,4,0): -nan,
      (0,5,0): -nan,
      (0,6,0): -nan,
      (0,7,0): -nan,
      (0,8,0): -nan,
      (0,9,0): -nan,
      (0,10,0): -nan,
      (0,11,0): -nan,
      (0,12,0): -nan,
      (0,13,0): -nan,
      (0,14,0): -nan,
      (0,15,0): -nan,
      (1,0,0): -nan,
      (1,1,0): -nan,
      (1,2,0): -nan,
      (1,3,0): -nan,
      (1,4,0): -nan,
      (1,5,0): -nan,
      (1,6,0): -nan,
      (1,7,0): -nan,
      (1,8,0): -nan,
      (1,9,0): -nan,
      (1,10,0): -nan,
      (1,11,0): -nan,
      (1,12,0): -nan,
      (1,13,0): -nan,
      (1,14,0): -nan,
      (1,15,0): -nan,
      (2,0,0): -nan,
      (2,1,0): -nan,
      (2,2,0): -nan,
      (2,3,0): -nan,
      (2,4,0): -nan,
      (2,5,0): -nan,
      (2,6,0): -nan,
      (2,7,0): -nan,
      (2,8,0): -nan,
      (2,9,0): -nan,
      (2,10,0): -nan,
      (2,11,0): -nan,
      (2,12,0): -nan,
      (2,13,0): -nan,
      (2,14,0): -nan,
      (2,15,0): -nan,
      (3,0,0): -nan,
      (3,1,0): -nan,
      (3,2,0): -nan,
      (3,3,0): -nan,
      (3,4,0): -nan,
      (3,5,0): -nan,
      (3,6,0): -nan,
      (3,7,0): -nan,
      (3,8,0): -nan,
      (3,9,0): -nan,
      (3,10,0): -nan,
      (3,11,0): -nan,
      (3,12,0): -nan,
      (3,13,0): -nan,
      (3,14,0): -nan,
      (3,15,0): -nan
      }
   }
   DATASET "nodal_powers_sigma" {
      DATATYPE  H5T_IEEE_F64LE
      DATASPACE  SIMPLE { ( 4, 16, 1 ) / ( 4, 16, 1 ) }
      DATA {
      (0,0,0): -nan,
      (0,1,0): -nan,
      (0,2,0): -nan,
      (0,3,0): -nan,
      (0,4,0): -nan,
      (0,5,0): -nan,
      (0,6,0): -nan,
      (0,7,0): -nan,
      (0,8,0): -nan,
      (0,9,0): -nan,
      (0,10,0): -nan,
      (0,11,0): -nan,
      (0,12,0): -nan,
      (0,13,0): -nan,
      (0,14,0): -nan,
      (0,15,0): -nan,
      (1,0,0): -nan,
      (1,1,0): -nan,
      (1,2,0): -nan,
      (1,3,0): -nan,
      (1,4,0): -nan,
      (1,5,0): -nan,
      (1,6,0): -nan,
      (1,7,0): -nan,
      (1,8,0): -nan,
      (1,9,0): -nan,
      (1,10,0): -nan,
      (1,11,0): -nan,
      (1,12,0): -nan,
      (1,13,0): -nan,
      (1,14,0): -nan,
      (1,15,0): -nan,
      (2,0,0): -nan,
      (2,1,0): -nan,
      (2,2,0): -nan,
      (2,3,0): -nan,
      (2,4,0): -nan,
      (2,5,0): -nan,
      (2,6,0): -nan,
      (2,7,0): -nan,
      (2,8,0): -nan,
      (2,9,0): -nan,
      (2,10,0): -nan,
      (2,11,0): -nan,
      (2,12,0): -nan,
      (2,13,0): -nan,
      (2,14,0): -nan,
      (2,15,0): -nan,
      (3,0,0): -nan,
      (3,1,0): -nan,
      (3,2,0): -nan,
      (3,3,0): -nan,
      (3,4,0): -nan,
      (3,5,0): -nan,
      (3,6,0): -nan,
      (3,7,0): -nan,
      (3,8,0): -nan,
      (3,9,0): -nan,
      (3,10,0): -nan,
      (3,11,0): -nan,
      (3,12,0): -nan,
      (3,13,0): -nan,
      (3,14,0): -nan,
      (3,15,0): -nan
      }
   }
   DATASET "pin_factors" {
      DATATYPE  H5T_IEEE_F64LE
      DATASPACE  SIMPLE { ( 4, 4, 16, 1 ) / ( 4, 4, 16, 1 ) }
      DATA {
      (0,0,0,0): 1,
      (0,0,1,0): 1,
      (0,0,2,0): 1,
      (0,0,3,0): 1,
      (0,0,4,0): 1,
      (0,0,5,0): 1,
      (0,0,6,0): 1,
      (0,0,7,0): 1,
      (0,0,8,0): 1,
      (0,0,9,0): 1,
      (0,0,10,0): 1,
      (0,0,11,0): 1,
      (0,0,12,0): 1,
      (0,0,13,0): 1,
      (0,0,14,0): 1,
      (0,0,15,0): 1,
      (0,1,0,0): 1,
      (0,1,1,0): 1,
      (0,1,2,0): 1,
      (0,1,3,0): 1,
      (0,1,4,0): 1,
      (0,1,5,0): 1,
      (0,1,6,0): 1,
      (0,1,7,0): 1,
      (0,1,8,0): 1,
      (0,1,9,0): 1,
      (0,1,10,0): 1,
      (0,1,11,0): 1,
      (0,1,12,0): 1,
      (0,1,13,0): 1,
      (0,1,14,0): 1,
      (0,1,15,0): 1,
      (0,2,0,0): 1,
      (0,2,1,0): 1,
      (0,2,2,0): 1,
      (0,2,3,0): 1,
      (0,2,4,0): 1,
      (0,2,5,0): 1,
      (0,2,6,0): 1,
      (0,2,7,0): 1,
      (0,2,8,0): 1,
      (0,2,9,0): 1,
      (0,2,10,0): 1,
      (0,2,11,0): 1,
      (0,2,12,0): 1,
      (0,2,13,0): 1,
      (0,2,14,0): 1,
      (0,2,15,0): 1,
      (0,3,0,0): 1,
      (0,3,1,0): 1,
      (0,3,2,0): 1,
      (0,3,3,0): 1,
      (0,3,4,0): 1,
      (0,3,5,0): 1,
      (0,3,6,0): 1,
      (0,3,7,0): 1,
      (0,3,8,0): 1,
      (0,3,9,0): 1,
      (0,3,10,0): 1,
      (0,3,11,0): 1,
      (0,3,12,0): 1,
      (0,3,13,0): 1,
      (0,3,14,0): 1,
      (0,3,15,0): 1,
      (1,0,0,0): 1,
      (1,0,1,0): 1,
      (1,0,2,0): 1,
      (1,0,3,0): 1,
      (1,0,4,0): 1,
      (1,0,5,0): 1,
      (1,0,6,0): 1,
      (1,0,7,0): 1,
      (1,0,8,0): 1,
      (1,0,9,0): 1,
      (1,0,10,0): 1,
      (1,0,11,0): 1,
      (1,0,12,0): 1,
      (1,0,13,0): 1,
      (1,0,14,0): 1,
      (1,0,15,0): 1,
      (1,1,0,0): 1,
      (1,1,1,0): 1,
      (1,1,2,0): 1,
      (1,1,3,0): 1,
      (1,1,4,0): 1,
      (1,1,5,0): 1,
      (1,1,6,0): 1,
      (1,1,7,0): 1,
      (1,1,8,0): 1,
      (1,1,9,0): 1,
      (1,1,10,0): 1,
      (1,1,11,0): 1,
      (1,1,12,0): 1,
      (1,1,13,0): 1,
      (1,1,14,0): 1,
      (1,1,15,0): 1,
      (1,2,0,0): 1,
      (1,2,1,0): 1,
      (1,2,2,0): 1,
      (1,2,3,0): 1,
      (1,2,4,0): 1,
      (1,2,5,0): 1,
      (1,2,6,0): 1,
      (1,2,7,0): 1,
      (1,2,8,0): 1,
      (1,2,9,0): 1,
      (1,2,10,0): 1,
      (1,2,11,0): 1,
      (1,2,12,0): 1,
      (1,2,13,0): 1,
      (1,2,14,0): 1,
      (1,2,15,0): 1,
      (1,3,0,0): 1,
      (1,3,1,0): 1,
      (1,3,2,0): 1,
      (1,3,3,0): 1,
      (1,3,4,0): 1,
      (1,3,5,0): 1,
      (1,3,6,0): 1,
      (1,3,7,0): 1,
      (1,3,8,0): 1,
      (1,3,9,0): 1,
      (1,3,10,0): 1,
      (1,3,11,0): 1,
      (1,3,12,0): 1,
      (1,3,13,0): 1,
      (1,3,14,0): 1,
      (1,3,15,0): 1,
      (2,0,0,0): 1,
      (2,0,1,0): 1,
      (2,0,2,0): 1,
      (2,0,3,0): 1,
      (2,0,4,0): 1,
      (2,0,5,0): 1,
      (2,0,6,0): 1,
      (2,0,7,0): 1,
      (2,0,8,0): 1,
      (2,0,9,0): 1,
      (2,0,10,0): 1,
      (2,0,11,0): 1,
      (2,0,12,0): 1,
      (2,0,13,0): 1,
      (2,0,14,0): 1,
      (2,0,15,0): 1,
      (2,1,0,0): 1,
      (2,1,1,0): 1,
      (2,1,2,0): 1,
      (2,1,3,0): 1,
      (2,1,4,0): 1,
      (2,1,5,0): 1,
      (2,1,6,0): 1,
      (2,1,7,0): 1,
      (2,1,8,0): 1,
      (2,1,9,0): 1,
      (2,1,10,0): 1,
      (2,1,11,0): 1,
      (2,1,12,0): 1,
      (2,1,13,0): 1,
      (2,1,14,0): 1,
      (2,1,15,0): 1,
      (2,2,0,0): 1,
      (2,2,1,0): 1,
      (2,2,2,0): 1,
      (2,2,3,0): 1,
      (2,2,4,0): 1,
      (2,2,5,0): 1,
      (2,2,6,0): 1,
      (2,2,7,0): 1,
      (2,2,8,0): 1,
      (2,2,9,0): 1,
      (2,2,10,0): 1,
      (2,2,11,0): 1,
      (2,2,12,0): 1,
      (2,2,13,0): 1,
      (2,2,14,0): 1,
      (2,2,15,0): 1,
      (2,3,0,0): 1,
      (2,3,1,0): 1,
      (2,3,2,0): 1,
      (2,3,3,0): 1,
      (2,3,4,0): 1,
      (2,3,5,0): 1,
      (2,3,6,0): 1,
      (2,3,7,0): 1,
      (2,3,8,0): 1,
      (2,3,9,0): 1,
      (2,3,10,0): 1,
      (2,3,11,0): 1,
      (2,3,12,0): 1,
      (2,3,13,0): 1,
      (2,3,14,0): 1,
      (2,3,15,0): 1,
      (3,0,0,0): 1,
      (3,0,1,0): 1,
      (3,0,2,0): 1,
      (3,0,3,0): 1,
      (3,0,4,0): 1,
      (3,0,5,0): 1,
      (3,0,6,0): 1,
      (3,0,7,0): 1,
      (3,0,8,0): 1,
      (3,0,9,0): 1,
      (3,0,10,0): 1,
      (3,0,11,0): 1,
      (3,0,12,0): 1,
      (3,0,13,0): 1,
      (3,0,14,0): 1,
      (3,0,15,0): 1,
      (3,1,0,0): 1,
      (3,1,1,0): 1,
      (3,1,2,0): 1,
      (3,1,3,0): 1,
      (3,1,4,0): 1,
      (3,1,5,0): 1,
      (3,1,6,0): 1,
      (3,1,7,0): 1,
      (3,1,8,0): 1,
      (3,1,9,0): 1,
      (3,1,10,0): 1,
      (3,1,11,0): 1,
      (3,1,12,0): 1,
      (3,1,13,0): 1,
      (3,1,14,0): 1,
      (3,1,15,0): 1,
      (3,2,0,0): 1,
      (3,2,1,0): 1,
      (3,2,2,0): 1,
      (3,2,3,0): 1,
      (3,2,4,0): 1,
      (3,2,5,0): 1,
      (3,2,6,0): 1,
      (3,2,7,0): 1,
      (3,2,8,0): 1,
      (3,2,9,0): 1,
      (3,2,10,0): 1,
      (3,2,11,0): 1,
      (3,2,12,0): 1,
      (3,2,13,0): 1,
      (3,2,14,0): 1,
      (3,2,15,0): 1,
      (3,3,0,0): 1,
      (3,3,1,0): 1,
      (3,3,2,0): 1,
      (3,3,3,0): 1,
      (3,3,4,0): 1,
      (3,3,5,0): 1,
      (3,3,6,0): 1,
      (3,3,7,0): 1,
      (3,3,8,0): 1,
      (3,3,9,0): 1,
      (3,3,10,0): 1,
      (3,3,11,0): 1,
      (3,3,12,0): 1,
      (3,3,13,0): 1,
      (3,3,14,0): 1,
      (3,3,15,0): 1
      }
   }
   DATASET "pin_powers" {
      DATATYPE  H5T_IEEE_F64LE
      DATASPACE  SIMPLE { ( 4, 4, 16, 1 ) / ( 4, 4, 16, 1 ) }
      DATA {
      (0,0,0,0): -nan,
      (0,0,1,0): -nan,
      (0,0,2,0): -nan,
      (0,0,3,0): -nan,
      (0,0,4,0): -nan,
      (0,0,5,0): -nan,
      (0,0,6,0): -nan,
      (0,0,7,0): -nan,
      (0,0,8,0): -nan,
      (0,0,9,0): -nan,
      (0,0,10,0): -nan,
      (0,0,11,0): -nan,
      (0,0,12,0): -nan,
      (0,0,13,0): -nan,
      (0,0,14,0): -nan,
      (0,0,15,0): 0,
      (0,1,0,0): -nan,
      (0,1,1,0): -nan,
      (0,1,2,0): -nan,
      (0,1,3,0): -nan,
      (0,1,4,0): -nan,
      (0,1,5,0): -nan,
      (0,1,6,0): -nan,
      (0,1,7,0): -nan,
      (0,1,8,0): -nan,
      (0,1,9,0): -nan,
      (0,1,10,0): -nan,
      (0,1,11,0): -nan,
      (0,1,12,0): -nan,
      (0,1,13,0): -nan,
      (0,1,14,0): -nan,
      (0,1,15,0): -nan,
      (0,2,0,0): -nan,
      (0,2,1,0): -nan,
      (0,2,2,0): -nan,
      (0,2,3,0): -nan,
      (0,2,4,0): -nan,
      (0,2,5,0): -nan,
      (0,2,6,0): -nan,
      (0,2,7,0): -nan,
      (0,2,8,0): -nan,
      (0,2,9,0): -nan,
      (0,2,10,0): -nan,
      (0,2,11,0): -nan,
      (0,2,12,0): -nan,
      (0,2,13,0): -nan,
      (0,2,14,0): -nan,
      (0,2,15,0): -nan,
      (0,3,0,0): -nan,
      (0,3,1,0): -nan,
      (0,3,2,0): -nan,
      (0,3,3,0): -nan,
      (0,3,4,0): -nan,
      (0,3,5,0): -nan,
      (0,3,6,0): -nan,
      (0,3,7,0): -nan,
      (0,3,8,0): -nan,
      (0,3,9,0): -nan,
      (0,3,10,0): -nan,
      (0,3,11,0): -nan,
      (0,3,12,0): -nan,
      (0,3,13,0): -nan,
      (0,3,14,0): -nan,
      (0,3,15,0): -nan,
      (1,0,0,0): -nan,
      (1,0,1,0): -nan,
      (1,0,2,0): -nan,
      (1,0,3,0): -nan,
      (1,0,4,0): -nan,
      (1,0,5,0): -nan,
      (1,0,6,0): -nan,
      (1,0,7,0): -nan,
      (1,0,8,0): -nan,
      (1,0,9,0): -nan,
      (1,0,10,0): -nan,
      (1,0,11,0): -nan,
      (1,0,12,0): -nan,
      (1,0,13,0): -nan,
      (1,0,14,0): -nan,
      (1,0,15,0): -nan,
      (1,1,0,0): -nan,
      (1,1,1,0): -nan,
      (1,1,2,0): -nan,
      (1,1,3,0): -nan,
      (1,1,4,0): -nan,
      (1,1,5,0): -nan,
      (1,1,6,0): -nan,
      (1,1,7,0): -nan,
      (1,1,8,0): -nan,
      (1,1,9,0): -nan,
      (1,1,10,0): -nan,
      (1,1,11,0): -nan,
      (1,1,12,0): -nan,
      (1,1,13,0): -nan,
      (1,1,14,0): 0,
      (1,1,15,0): 0,
      (1,2,0,0): -nan,
      (1,2,1,0): -nan,
      (1,2,2,0): -nan,
      (1,2,3,0): -nan,
      (1,2,4,0): -nan,
      (1,2,5,0): -nan,
      (1,2,6,0): -nan,
      (1,2,7,0): -nan,
      (1,2,8,0): -nan,
      (1,2,9,0): -nan,
      (1,2,10,0): -nan,
      (1,2,11,0): -nan,
      (1,2,12,0): -nan,
      (1,2,13,0): -nan,
      (1,2,14,0): -nan,
      (1,2,15,0): -nan,
      (1,3,0,0): -nan,
      (1,3,1,0): -nan,
      (1,3,2,0): -nan,
      (1,3,3,0): -nan,
      (1,3,4,0): -nan,
      (1,3,5,0): -nan,
      (1,3,6,0): -nan,
      (1,3,7,0): -nan,
      (1,3,8,0): -nan,
      (1,3,9,0): -nan,
      (1,3,10,0): -nan,
      (1,3,11,0): -nan,
      (1,3,12,0): -nan,
      (1,3,13,0): -nan,
      (1,3,14,0): -nan,
      (1,3,15,0): -nan,
      (2,0,0,0): -nan,
      (2,0,1,0): -nan,
      (2,0,2,0): -nan,
      (2,0,3,0): -nan,
      (2,0,4,0): -nan,
      (2,0,5,0): -nan,
      (2,0,6,0): -nan,
      (2,0,7,0): -nan,
      (2,0,8,0): -nan,
      (2,0,9,0): -nan,
      (2,0,10,0): -nan,
      (2,0,11,0): -nan,
      (2,0,12,0): -nan,
      (2,0,13,0): -nan,
      (2,0,14,0): -nan,
      (2,0,15,0): -nan,
      (2,1,0,0): -nan,
      (2,1,1,0): -nan,
      (2,1,2,0): -nan,
      (2,1,3,0): -nan,
      (2,1,4,0): -nan,
      (2,1,5,0): -nan,
      (2,1,6,0): -nan,
      (2,1,7,0): -nan,
      (2,1,8,0): -nan,
      (2,1,9,0): -nan,
      (2,1,10,0): -nan,
      (2,1,11,0): -nan,
      (2,1,12,0): -nan,
      (2,1,13,0): -nan,
      (2,1,14,0): -nan,
      (2,1,15,0): -nan,
      (2,2,0,0): -nan,
      (2,2,1,0): -nan,
      (2,2,2,0): -nan,
      (2,2,3,0): -nan,
      (2,2,4,0): -nan,
      (2,2,5,0): -nan,
      (2,2,6,0): -nan,
      (2,2,7,0): -nan,
      (2,2,8,0): -nan,
      (2,2,9,0): -nan,
      (2,2,10,0): -nan,
      (2,2,11,0): -nan,
      (2,2,12,0): -nan,
      (2,2,13,0): -nan,
      (2,2,14,0): 0,
      (2,2,15,0): 0,
      (2,3,0,0): -nan,
      (2,3,1,0): -nan,
      (2,3,2,0): -nan,
      (2,3,3,0): -nan,
      (2,3,4,0): -nan,
      (2,3,5,0): -nan,
      (2,3,6,0): -nan,
      (2,3,7,0): -nan,
      (2,3,8,0): -nan,
      (2,3,9,0): -nan,
      (2,3,10,0): -nan,
      (2,3,11,0): -nan,
      (2,3,12,0): -nan,
      (2,3,13,0): -nan,
      (2,3,14,0): -nan,
      (2,3,15,0): -nan,
      (3,0,0,0): -nan,
      (3,0,1,0): -nan,
      (3,0,2,0): -nan,
      (3,0,3,0): -nan,
      (3,0,4,0): -nan,
      (3,0,5,0): -nan,
      (3,0,6,0): -nan,
      (3,0,7,0): -nan,
      (3,0,8,0): -nan,
      (3,0,9,0): -nan,
      (3,0,10,0): -nan,
      (3,0,11,0): -nan,
      (3,0,12,0): -nan,
      (3,0,13,0): -nan,
      (3,0,14,0): -nan,
      (3,0,15,0): -nan,
      (3,1,0,0): -nan,
      (3,1,1,0): -nan,
      (3,1,2,0): -nan,
      (3,1,3,0): -nan,
      (3,1,4,0): -nan,
      (3,1,5,0): -nan,
      (3,1,6,0): -nan,
      (3,1,7,0): -nan,
      (3,1,8,0): -nan,
      (3,1,9,0): -nan,
      (3,1,10,0): -nan,
      (3,1,11,0): -nan,
      (3,1,12,0): -nan,
      (3,1,13,0): -nan,
      (3,1,14,0): -nan,
      (3,1,15,0): -nan,
      (3,2,0,0): -nan,
      (3,2,1,0): -nan,
      (3,2,2,0): -nan,
      (3,2,3,0): -nan,
      (3,2,4,0): -nan,
      (3,2,5,0): -nan,
      (3,2,6,0): -nan,
      (3,2,7,0): -nan,
      (3,2,8,0): -nan,
      (3,2,9,0): -nan,
      (3,2,10,0): -nan,
      (3,2,11,0): -nan,
      (3,2,12,0): -nan,
      (3,2,13,0): -nan,
      (3,2,14,0): -nan,
      (3,2,15,0): -nan,
      (3,3,0,0): -nan,
      (3,3,1,0): -nan,
      (3,3,2,0): -nan,
      (3,3,3,0): -nan,
      (3,3,4,0): -nan,
      (3,3,5,0): -nan,
      (3,3,6,0): -nan,
      (3,3,7,0): -nan,
      (3,3,8,0): -nan,
      (3,3,9,0): -nan,
      (3,3,10,0): -nan,
      (3,3,11,0): -nan,
      (3,3,12,0): -nan,
      (3,3,13,0): -nan,
      (3,3,14,0): -nan,
      (3,3,15,0): 0
      }
   }
   DATASET "pin_powers_sigma" {
      DATATYPE  H5T_IEEE_F64LE
      DATASPACE  SIMPLE { ( 4, 4, 16, 1 ) / ( 4, 4, 16, 1 ) }
      DATA {
      (0,0,0,0): 0.065,
      (0,0,1,0): 0.055,
      (0,0,2,0): 0.051,
      (0,0,3,0): 0.053,
      (0,0,4,0): 0.059,
      (0,0,5,0): 0.068,
      (0,0,6,0): 0.08,
      (0,0,7,0): 0.095,
      (0,0,8,0): 0.116,
      (0,0,9,0): 0.135,
      (0,0,10,0): 0.165,
      (0,0,11,0): 0.197,
      (0,0,12,0): 0.237,
      (0,0,13,0): 0.291,
      (0,0,14,0): 0.363,
      (0,0,15,0): 0.468,
      (0,1,0,0): 0.0487955,
      (0,1,1,0): 0.0417193,
      (0,1,2,0): 0.0385389,
      (0,1,3,0): 0.039598,
      (0,1,4,0): 0.0452548,
      (0,1,5,0): 0.0523307,
      (0,1,6,0): 0.0618809,
      (0,1,7,0): 0.0714318,
      (0,1,8,0): 0.0880525,
      (0,1,9,0): 0.103247,
      (0,1,10,0): 0.122708,
      (0,1,11,0): 0.151675,
      (0,1,12,0): 0.178587,
      (0,1,13,0): 0.21747,
      (0,1,14,0): 0.273673,
      (0,1,15,0): 0.353554,
      (0,2,0,0): 0.0487904,
      (0,2,1,0): 0.0413673,
      (0,2,2,0): 0.039246,
      (0,2,3,0): 0.039598,
      (0,2,4,0): 0.0445533,
      (0,2,5,0): 0.0523689,
      (0,2,6,0): 0.0615549,
      (0,2,7,0): 0.0732274,
      (0,2,8,0): 0.0859724,
      (0,2,9,0): 0.10469,
      (0,2,10,0): 0.123843,
      (0,2,11,0): 0.15038,
      (0,2,12,0): 0.181108,
      (0,2,13,0): 0.221461,
      (0,2,14,0): 0.273208,
      (0,2,15,0): 0.347261,
      (0,3,0,0): 0.046669,
      (0,3,1,0): 0.0388973,
      (0,3,2,0): 0.0371248,
      (0,3,3,0): 0.0385389,
      (0,3,4,0): 0.0427931,
      (0,3,5,0): 0.0509559,
      (0,3,6,0): 0.0594348,
      (0,3,7,0): 0.0715052,
      (0,3,8,0): 0.0849264,
      (0,3,9,0): 0.09949,
      (0,3,10,0): 0.119299,
      (0,3,11,0): 0.143462,
      (0,3,12,0): 0.173151,
      (0,3,13,0): 0.211963,
      (0,3,14,0): 0.262384,
      (0,3,15,0): 0.337955,
      (1,0,0,0): 0.0487955,
      (1,0,1,0): 0.0417193,
      (1,0,2,0): 0.0385389,
      (1,0,3,0): 0.039598,
      (1,0,4,0): 0.0452548,
      (1,0,5,0): 0.0523307,
      (1,0,6,0): 0.0618809,
      (1,0,7,0): 0.0714318,
      (1,0,8,0): 0.0880525,
      (1,0,9,0): 0.103247,
      (1,0,10,0): 0.122708,
      (1,0,11,0): 0.151675,
      (1,0,12,0): 0.178587,
      (1,0,13,0): 0.21747,
      (1,0,14,0): 0.273673,
      (1,0,15,0): 0.353554,
      (1,1,0,0): 0.074,
      (1,1,1,0): 0.063,
      (1,1,2,0): 0.059,
      (1,1,3,0): 0.061,
      (1,1,4,0): 0.068,
      (1,1,5,0): 0.079,
      (1,1,6,0): 0.091,
      (1,1,7,0): 0.109,
      (1,1,8,0): 0.132,
      (1,1,9,0): 0.157,
      (1,1,10,0): 0.184,
      (1,1,11,0): 0.23,
      (1,1,12,0): 0.278,
      (1,1,13,0): 0.329,
      (1,1,14,0): 0.408,
      (1,1,15,0): 0.531,
      (1,2,0,0): 0.0526806,
      (1,2,1,0): 0.0449027,
      (1,2,2,0): 0.0420743,
      (1,2,3,0): 0.0431335,
      (1,2,4,0): 0.0484381,
      (1,2,5,0): 0.055509,
      (1,2,6,0): 0.0664831,
      (1,2,7,0): 0.0774355,
      (1,2,8,0): 0.0930013,
      (1,2,9,0): 0.110708,
      (1,2,10,0): 0.132606,
      (1,2,11,0): 0.158793,
      (1,2,12,0): 0.189866,
      (1,2,13,0): 0.235476,
      (1,2,14,0): 0.288902,
      (1,2,15,0): 0.377953,
      (1,3,0,0): 0.0487955,
      (1,3,1,0): 0.0413673,
      (1,3,2,0): 0.039246,
      (1,3,3,0): 0.0403113,
      (1,3,4,0): 0.0445533,
      (1,3,5,0): 0.0526901,
      (1,3,6,0): 0.0604669,
      (1,3,7,0): 0.0732069,
      (1,3,8,0): 0.087,
      (1,3,9,0): 0.102226,
      (1,3,10,0): 0.122381,
      (1,3,11,0): 0.152794,
      (1,3,12,0): 0.180724,
      (1,3,13,0): 0.221096,
      (1,3,14,0): 0.275243,
      (1,3,15,0): 0.352948,
      (2,0,0,0): 0.0487904,
      (2,0,1,0): 0.0413673,
      (2,0,2,0): 0.039246,
      (2,0,3,0): 0.039598,
      (2,0,4,0): 0.0445533,
      (2,0,5,0): 0.0523689,
      (2,0,6,0): 0.0615549,
      (2,0,7,0): 0.0732274,
      (2,0,8,0): 0.0859724,
      (2,0,9,0): 0.10469,
      (2,0,10,0): 0.123843,
      (2,0,11,0): 0.15038,
      (2,0,12,0): 0.181108,
      (2,0,13,0): 0.221461,
      (2,0,14,0): 0.273208,
      (2,0,15,0): 0.347261,
      (2,1,0,0): 0.0526806,
      (2,1,1,0): 0.0449027,
      (2,1,2,0): 0.0420743,
      (2,1,3,0): 0.0431335,
      (2,1,4,0): 0.0484381,
      (2,1,5,0): 0.055509,
      (2,1,6,0): 0.0664831,
      (2,1,7,0): 0.0774355,
      (2,1,8,0): 0.0930013,
      (2,1,9,0): 0.110708,
      (2,1,10,0): 0.132606,
      (2,1,11,0): 0.158793,
      (2,1,12,0): 0.189866,
      (2,1,13,0): 0.235476,
      (2,1,14,0): 0.288902,
      (2,1,15,0): 0.377953,
      (2,2,0,0): 0.073,
      (2,2,1,0): 0.064,
      (2,2,2,0): 0.059,
      (2,2,3,0): 0.06,
      (2,2,4,0): 0.068,
      (2,2,5,0): 0.081,
      (2,2,6,0): 0.093,
      (2,2,7,0): 0.107,
      (2,2,8,0): 0.132,
      (2,2,9,0): 0.154,
      (2,2,10,0): 0.19,
      (2,2,11,0): 0.226,
      (2,2,12,0): 0.263,
      (2,2,13,0): 0.332,
      (2,2,14,0): 0.413,
      (2,2,15,0): 0.52,
      (2,3,0,0): 0.0473762,
      (2,3,1,0): 0.0410122,
      (2,3,2,0): 0.0388973,
      (2,3,3,0): 0.0403051,
      (2,3,4,0): 0.0452548,
      (2,3,5,0): 0.0516236,
      (2,3,6,0): 0.0604587,
      (2,3,7,0): 0.0721388,
      (2,3,8,0): 0.0862786,
      (2,3,9,0): 0.103276,
      (2,3,10,0): 0.122001,
      (2,3,11,0): 0.149554,
      (2,3,12,0): 0.177866,
      (2,3,13,0): 0.214631,
      (2,3,14,0): 0.268039,
      (2,3,15,0): 0.353985,
      (3,0,0,0): 0.046669,
      (3,0,1,0): 0.0388973,
      (3,0,2,0): 0.0371248,
      (3,0,3,0): 0.0385389,
      (3,0,4,0): 0.0427931,
      (3,0,5,0): 0.0509559,
      (3,0,6,0): 0.0594348,
      (3,0,7,0): 0.0715052,
      (3,0,8,0): 0.0849264,
      (3,0,9,0): 0.09949,
      (3,0,10,0): 0.119299,
      (3,0,11,0): 0.143462,
      (3,0,12,0): 0.173151,
      (3,0,13,0): 0.211963,
      (3,0,14,0): 0.262384,
      (3,0,15,0): 0.337955,
      (3,1,0,0): 0.0487955,
      (3,1,1,0): 0.0413673,
      (3,1,2,0): 0.039246,
      (3,1,3,0): 0.0403113,
      (3,1,4,0): 0.0445533,
      (3,1,5,0): 0.0526901,
      (3,1,6,0): 0.0604669,
      (3,1,7,0): 0.0732069,
      (3,1,8,0): 0.087,
      (3,1,9,0): 0.102226,
      (3,1,10,0): 0.122381,
      (3,1,11,0): 0.152794,
      (3,1,12,0): 0.180724,
      (3,1,13,0): 0.221096,
      (3,1,14,0): 0.275243,
      (3,1,15,0): 0.352948,
      (3,2,0,0): 0.0473762,
      (3,2,1,0): 0.0410122,
      (3,2,2,0): 0.0388973,
      (3,2,3,0): 0.0403051,
      (3,2,4,0): 0.0452548,
      (3,2,5,0): 0.0516236,
      (3,2,6,0): 0.0604587,
      (3,2,7,0): 0.0721388,
      (3,2,8,0): 0.0862786,
      (3,2,9,0): 0.103276,
      (3,2,10,0): 0.122001,
      (3,2,11,0): 0.149554,
      (3,2,12,0): 0.177866,
      (3,2,13,0): 0.214631,
      (3,2,14,0): 0.268039,
      (3,2,15,0): 0.353985,
      (3,3,0,0): 0.064,
      (3,3,1,0): 0.056,
      (3,3,2,0): 0.052,
      (3,3,3,0): 0.053,
      (3,3,4,0): 0.061,
      (3,3,5,0): 0.07,
      (3,3,6,0): 0.082,
      (3,3,7,0): 0.098,
      (3,3,8,0): 0.115,
      (3,3,9,0): 0.136,
      (3,3,10,0): 0.165,
      (3,3,11,0): 0.202,
      (3,3,12,0): 0.239,
      (3,3,13,0): 0.29,
      (3,3,14,0): 0.355,
      (3,3,15,0): 0.457
      }
   }
   DATASET "pin_volumes" {
      DATATYPE  H5T_IEEE_F64LE
      DATASPACE  SIMPLE { ( 4, 4, 16, 1 ) / ( 4, 4, 16, 1 ) }
      DATA {
      (0,0,0,0): 1.03273e-314,
      (0,0,1,0): 1.03273e-314,
      (0,0,2,0): 1.03273e-314,
      (0,0,3,0): 1.03273e-314,
      (0,0,4,0): 1.03273e-314,
      (0,0,5,0): 1.03273e-314,
      (0,0,6,0): 1.03273e-314,
      (0,0,7,0): 1.03273e-314,
      (0,0,8,0): 1.03273e-314,
      (0,0,9,0): 1.03273e-314,
      (0,0,10,0): 1.03273e-314,
      (0,0,11,0): 1.03273e-314,
      (0,0,12,0): 1.03273e-314,
      (0,0,13,0): 1.03273e-314,
      (0,0,14,0): 1.03273e-314,
      (0,0,15,0): 1.03273e-314,
      (0,1,0,0): 1.03273e-314,
      (0,1,1,0): 1.03273e-314,
      (0,1,2,0): 1.03273e-314,
      (0,1,3,0): 1.03273e-314,
      (0,1,4,0): 1.03273e-314,
      (0,1,5,0): 1.03273e-314,
      (0,1,6,0): 1.03273e-314,
      (0,1,7,0): 1.03273e-314,
      (0,1,8,0): 1.03273e-314,
      (0,1,9,0): 1.03273e-314,
      (0,1,10,0): 1.03273e-314,
      (0,1,11,0): 1.03273e-314,
      (0,1,12,0): 1.03273e-314,
      (0,1,13,0): 1.03273e-314,
      (0,1,14,0): 1.03273e-314,
      (0,1,15,0): 1.03273e-314,
      (0,2,0,0): 1.03273e-314,
      (0,2,1,0): 1.03273e-314,
      (0,2,2,0): 1.03273e-314,
      (0,2,3,0): 1.03273e-314,
      (0,2,4,0): 1.03273e-314,
      (0,2,5,0): 1.03273e-314,
      (0,2,6,0): 1.03273e-314,
      (0,2,7,0): 1.03273e-314,
      (0,2,8,0): 1.03273e-314,
      (0,2,9,0): 1.03273e-314,
      (0,2,10,0): 1.03273e-314,
      (0,2,11,0): 1.03273e-314,
      (0,2,12,0): 1.03273e-314,
      (0,2,13,0): 1.03273e-314,
      (0,2,14,0): 1.03273e-314,
      (0,2,15,0): 1.03273e-314,
      (0,3,0,0): 1.03273e-314,
      (0,3,1,0): 1.03273e-314,
      (0,3,2,0): 1.03273e-314,
      (0,3,3,0): 1.03273e-314,
      (0,3,4,0): 1.03273e-314,
      (0,3,5,0): 1.03273e-314,
      (0,3,6,0): 1.03273e-314,
      (0,3,7,0): 1.03273e-314,
      (0,3,8,0): 1.03273e-314,
      (0,3,9,0): 1.03273e-314,
      (0,3,10,0): 1.03273e-314,
      (0,3,11,0): 1.03273e-314,
      (0,3,12,0): 1.03273e-314,
      (0,3,13,0): 1.03273e-314,
      (0,3,14,0): 1.03273e-314,
      (0,3,15,0): 1.03273e-314,
      (1,0,0,0): 1.03273e-314,
      (1,0,1,0): 1.03273e-314,
      (1,0,2,0): 1.03273e-314,
      (1,0,3,0): 1.03273e-314,
      (1,0,4,0): 1.03273e-314,
      (1,0,5,0): 1.03273e-314,
      (1,0,6,0): 1.03273e-314,
      (1,0,7,0): 1.03273e-314,
      (1,0,8,0): 1.03273e-314,
      (1,0,9,0): 1.03273e-314,
      (1,0,10,0): 1.03273e-314,
      (1,0,11,0): 1.03273e-314,
      (1,0,12,0): 1.03273e-314,
      (1,0,13,0): 1.03273e-314,
      (1,0,14,0): 1.03273e-314,
      (1,0,15,0): 1.03273e-314,
      (1,1,0,0): 1.03273e-314,
      (1,1,1,0): 1.03273e-314,
      (1,1,2,0): 1.03273e-314,
      (1,1,3,0): 1.03273e-314,
      (1,1,4,0): 1.03273e-314,
      (1,1,5,0): 1.03273e-314,
      (1,1,6,0): 1.03273e-314,
      (1,1,7,0): 1.03273e-314,
      (1,1,8,0): 1.03273e-314,
      (1,1,9,0): 1.03273e-314,
      (1,1,10,0): 1.03273e-314,
      (1,1,11,0): 1.03273e-314,
      (1,1,12,0): 1.03273e-314,
      (1,1,13,0): 1.03273e-314,
      (1,1,14,0): 1.03273e-314,
      (1,1,15,0): 1.03273e-314,
      (1,2,0,0): 1.03273e-314,
      (1,2,1,0): 1.03273e-314,
      (1,2,2,0): 1.03273e-314,
      (1,2,3,0): 1.03273e-314,
      (1,2,4,0): 1.03273e-314,
      (1,2,5,0): 1.03273e-314,
      (1,2,6,0): 1.03273e-314,
      (1,2,7,0): 1.03273e-314,
      (1,2,8,0): 1.03273e-314,
      (1,2,9,0): 1.03273e-314,
      (1,2,10,0): 1.03273e-314,
      (1,2,11,0): 1.03273e-314,
      (1,2,12,0): 1.03273e-314,
      (1,2,13,0): 1.03273e-314,
      (1,2,14,0): 1.03273e-314,
      (1,2,15,0): 1.03273e-314,
      (1,3,0,0): 1.03273e-314,
      (1,3,1,0): 1.03273e-314,
      (1,3,2,0): 1.03273e-314,
      (1,3,3,0): 1.03273e-314,
      (1,3,4,0): 1.03273e-314,
      (1,3,5,0): 1.03273e-314,
      (1,3,6,0): 1.03273e-314,
      (1,3,7,0): 1.03273e-314,
      (1,3,8,0): 1.03273e-314,
      (1,3,9,0): 1.03273e-314,
      (1,3,10,0): 1.03273e-314,
      (1,3,11,0): 1.03273e-314,
      (1,3,12,0): 1.03273e-314,
      (1,3,13,0): 1.03273e-314,
      (1,3,14,0): 1.03273e-314,
      (1,3,15,0): 1.03273e-314,
      (2,0,0,0): 1.03273e-314,
      (2,0,1,0): 1.03273e-314,
      (2,0,2,0): 1.03273e-314,
      (2,0,3,0): 1.03273e-314,
      (2,0,4,0): 1.03273e-314,
      (2,0,5,0): 1.03273e-314,
      (2,0,6,0): 1.03273e-314,
      (2,0,7,0): 1.03273e-314,
      (2,0,8,0): 1.03273e-314,
      (2,0,9,0): 1.03273e-314,
      (2,0,10,0): 1.03273e-314,
      (2,0,11,0): 1.03273e-314,
      (2,0,12,0): 1.03273e-314,
      (2,0,13,0): 1.03273e-314,
      (2,0,14,0): 1.03273e-314,
      (2,0,15,0): 1.03273e-314,
      (2,1,0,0): 1.03273e-314,
      (2,1,1,0): 1.03273e-314,
      (2,1,2,0): 1.03273e-314,
      (2,1,3,0): 1.03273e-314,
      (2,1,4,0): 1.03273e-314,
      (2,1,5,0): 1.03273e-314,
      (2,1,6,0): 1.03273e-314,
      (2,1,7,0): 1.03273e-314,
      (2,1,8,0): 1.03273e-314,
      (2,1,9,0): 1.03273e-314,
      (2,1,10,0): 1.03273e-314,
      (2,1,11,0): 1.03273e-314,
      (2,1,12,0): 1.03273e-314,
      (2,1,13,0): 1.03273e-314,
      (2,1,14,0): 1.03273e-314,
      (2,1,15,0): 1.03273e-314,
      (2,2,0,0): 1.03273e-314,
      (2,2,1,0): 1.03273e-314,
      (2,2,2,0): 1.03273e-314,
      (2,2,3,0): 1.03273e-314,
      (2,2,4,0): 1.03273e-314,
      (2,2,5,0): 1.03273e-314,
      (2,2,6,0): 1.03273e-314,
      (2,2,7,0): 1.03273e-314,
      (2,2,8,0): 1.03273e-314,
      (2,2,9,0): 1.03273e-314,
      (2,2,10,0): 1.03273e-314,
      (2,2,11,0): 1.03273e-314,
      (2,2,12,0): 1.03273e-314,
      (2,2,13,0): 1.03273e-314,
      (2,2,14,0): 1.03273e-314,
      (2,2,15,0): 1.03273e-314,
      (2,3,0,0): 1.03273e-314,
      (2,3,1,0): 1.03273e-314,
      (2,3,2,0): 1.03273e-314,
      (2,3,3,0): 1.03273e-314,
      (2,3,4,0): 1.03273e-314,
      (2,3,5,0): 1.03273e-314,
      (2,3,6,0): 1.03273e-314,
      (2,3,7,0): 1.03273e-314,
      (2,3,8,0): 1.03273e-314,
      (2,3,9,0): 1.03273e-314,
      (2,3,10,0): 1.03273e-314,
      (2,3,11,0): 1.03273e-314,
      (2,3,12,0): 1.03273e-314,
      (2,3,13,0): 1.03273e-314,
      (2,3,14,0): 1.03273e-314,
      (2,3,15,0): 1.03273e-314,
      (3,0,0,0): 1.03273e-314,
      (3,0,1,0): 1.03273e-314,
      (3,0,2,0): 1.03273e-314,
      (3,0,3,0): 1.03273e-314,
      (3,0,4,0): 1.03273e-314,
      (3,0,5,0): 1.03273e-314,
      (3,0,6,0): 1.03273e-314,
      (3,0,7,0): 1.03273e-314,
      (3,0,8,0): 1.03273e-314,
      (3,0,9,0): 1.03273e-314,
      (3,0,10,0): 1.03273e-314,
      (3,0,11,0): 1.03273e-314,
      (3,0,12,0): 1.03273e-314,
      (3,0,13,0): 1.03273e-314,
      (3,0,14,0): 1.03273e-314,
      (3,0,15,0): 1.03273e-314,
      (3,1,0,0): 1.03273e-314,
      (3,1,1,0): 1.03273e-314,
      (3,1,2,0): 1.03273e-314,
      (3,1,3,0): 1.03273e-314,
      (3,1,4,0): 1.03273e-314,
      (3,1,5,0): 1.03273e-314,
      (3,1,6,0): 1.03273e-314,
      (3,1,7,0): 1.03273e-314,
      (3,1,8,0): 1.03273e-314,
      (3,1,9,0): 1.03273e-314,
      (3,1,10,0): 1.03273e-314,
      (3,1,11,0): 1.03273e-314,
      (3,1,12,0): 1.03273e-314,
      (3,1,13,0): 1.03273e-314,
      (3,1,14,0): 1.03273e-314,
      (3,1,15,0): 1.03273e-314,
      (3,2,0,0): 1.03273e-314,
      (3,2,1,0): 1.03273e-314,
      (3,2,2,0): 1.03273e-314,
      (3,2,3,0): 1.03273e-314,
      (3,2,4,0): 1.03273e-314,
      (3,2,5,0): 1.03273e-314,
      (3,2,6,0): 1.03273e-314,
      (3,2,7,0): 1.03273e-314,
      (3,2,8,0): 1.03273e-314,
      (3,2,9,0): 1.03273e-314,
      (3,2,10,0): 1.03273e-314,
      (3,2,11,0): 1.03273e-314,
      (3,2,12,0): 1.03273e-314,
      (3,2,13,0): 1.03273e-314,
      (3,2,14,0): 1.03273e-314,
      (3,2,15,0): 1.03273e-314,
      (3,3,0,0): 1.03273e-314,
      (3,3,1,0): 1.03273e-314,
      (3,3,2,0): 1.03273e-314,
      (3,3,3,0): 1.03273e-314,
      (3,3,4,0): 1.03273e-314,
      (3,3,5,0): 1.03273e-314,
      (3,3,6,0): 1.03273e-314,
      (3,3,7,0): 1.03273e-314,
      (3,3,8,0): 1.03273e-314,
      (3,3,9,0): 1.03273e-314,
      (3,3,10,0): 1.03273e-314,
      (3,3,11,0): 1.03273e-314,
      (3,3,12,0): 1.03273e-314,
      (3,3,13,0): 1.03273e-314,
      (3,3,14,0): 1.03273e-314,
      (3,3,15,0): 1.03273e-314
      }
   }
   DATASET "radial_powers" {
      DATATYPE  H5T_IEEE_F64LE
      DATASPACE  SIMPLE { ( 4, 4, 1 ) / ( 4, 4, 1 ) }
      DATA {
      (0,0,0): -nan,
      (0,1,0): -nan,
      (0,2,0): -nan,
      (0,3,0): -nan,
      (1,0,0): -nan,
      (1,1,0): -nan,
      (1,2,0): -nan,
      (1,3,0): -nan,
      (2,0,0): -nan,
      (2,1,0): -nan,
      (2,2,0): -nan,
      (2,3,0): -nan,
      (3,0,0): -nan,
      (3,1,0): -nan,
      (3,2,0): -nan,
      (3,3,0): -nan
      }
   }
   DATASET "radial_powers_sigma" {
      DATATYPE  H5T_IEEE_F64LE
      DATASPACE  SIMPLE { ( 4, 4, 1 ) / ( 4, 4, 1 ) }
      DATA {
      (0,0,0): -nan,
      (0,1,0): -nan,
      (0,2,0): -nan,
      (0,3,0): -nan,
      (1,0,0): -nan,
      (1,1,0): -nan,
      (1,2,0): -nan,
      (1,3,0): -nan,
      (2,0,0): -nan,
      (2,1,0): -nan,
      (2,2,0): -nan,
      (2,3,0): -nan,
      (3,0,0): -nan,
      (3,1,0): -nan,
      (3,2,0): -nan,
      (3,3,0): -nan
      }
   }
   DATASET "version" {
      DATATYPE  H5T_STD_I32LE
      DATASPACE  SCALAR
      DATA {
      (0): 2
      }
   }
}
}
